# JRE version: OpenJDK Runtime Environment Temurin-17.0.13+11 (17.0.13+11) (build 17.0.13+11)
# Java VM: OpenJDK 64-Bit Server VM Temurin-17.0.13+11 (17.0.13+11, mixed mode, tiered, compressed oops, compressed class ptrs, g1 gc, windows-amd64)
GC Precious Log:
 CPUs: 12 total, 12 available
 Memory: 7521M
 Large Page Support: Disabled
 NUMA Support: Disabled
 Compressed Oops: Enabled (32-bit)
 Heap Region Size: 1M
 Heap Min Capacity: 8M
 Heap Initial Capacity: 118M
 Heap Max Capacity: 1882M
 Pre-touch: Disabled
 Parallel Workers: 10
 Concurrent Workers: 3
 Concurrent Refinement Workers: 10
 Periodic GC: Disabled
Heap:
 garbage-first heap   total 59392K, used 36452K [0x000000008a600000, 0x0000000100000000)
  region size 1024K, 19 young (19456K), 3 survivors (3072K)
 Metaspace       used 52821K, committed 53312K, reserved 1114112K
  class space    used 6798K, committed 7040K, reserved 1048576K
GC Heap History (20 events):
Event: 1.141 GC heap before
{Heap before GC invocations=1 (full 0):
 garbage-first heap   total 120832K, used 35096K [0x000000008a600000, 0x0000000100000000)
  region size 1024K, 31 young (31744K), 3 survivors (3072K)
 Metaspace       used 21192K, committed 21440K, reserved 1114112K
  class space    used 2443K, committed 2560K, reserved 1048576K
}
Event: 1.145 GC heap after
{Heap after GC invocations=2 (full 0):
 garbage-first heap   total 120832K, used 10037K [0x000000008a600000, 0x0000000100000000)
  region size 1024K, 3 young (3072K), 3 survivors (3072K)
 Metaspace       used 21192K, committed 21440K, reserved 1114112K
  class space    used 2443K, committed 2560K, reserved 1048576K
}
Event: 1.148 GC heap before
{Heap before GC invocations=2 (full 0):
 garbage-first heap   total 120832K, used 10037K [0x000000008a600000, 0x0000000100000000)
  region size 1024K, 4 young (4096K), 3 survivors (3072K)
 Metaspace       used 21281K, committed 21504K, reserved 1114112K
  class space    used 2454K, committed 2560K, reserved 1048576K
}
Event: 1.150 GC heap after
{Heap after GC invocations=3 (full 0):
 garbage-first heap   total 120832K, used 9862K [0x000000008a600000, 0x0000000100000000)
  region size 1024K, 3 young (3072K), 3 survivors (3072K)
 Metaspace       used 21281K, committed 21504K, reserved 1114112K
  class space    used 2454K, committed 2560K, reserved 1048576K
}
Event: 1.498 GC heap before
{Heap before GC invocations=4 (full 0):
 garbage-first heap   total 40960K, used 30342K [0x000000008a600000, 0x0000000100000000)
  region size 1024K, 24 young (24576K), 3 survivors (3072K)
 Metaspace       used 25293K, committed 25600K, reserved 1114112K
  class space    used 2995K, committed 3136K, reserved 1048576K
}
Event: 1.503 GC heap after
{Heap after GC invocations=5 (full 0):
 garbage-first heap   total 40960K, used 12570K [0x000000008a600000, 0x0000000100000000)
  region size 1024K, 3 young (3072K), 3 survivors (3072K)
 Metaspace       used 25293K, committed 25600K, reserved 1114112K
  class space    used 2995K, committed 3136K, reserved 1048576K
}
Event: 1.528 GC heap before
{Heap before GC invocations=5 (full 0):
 garbage-first heap   total 40960K, used 12570K [0x000000008a600000, 0x0000000100000000)
  region size 1024K, 4 young (4096K), 3 survivors (3072K)
 Metaspace       used 25382K, committed 25664K, reserved 1114112K
  class space    used 3007K, committed 3136K, reserved 1048576K
}
Event: 1.532 GC heap after
{Heap after GC invocations=6 (full 0):
 garbage-first heap   total 40960K, used 12731K [0x000000008a600000, 0x0000000100000000)
  region size 1024K, 1 young (1024K), 1 survivors (1024K)
 Metaspace       used 25382K, committed 25664K, reserved 1114112K
  class space    used 3007K, committed 3136K, reserved 1048576K
}
Event: 1.844 GC heap before
{Heap before GC invocations=6 (full 0):
 garbage-first heap   total 40960K, used 29115K [0x000000008a600000, 0x0000000100000000)
  region size 1024K, 17 young (17408K), 1 survivors (1024K)
 Metaspace       used 27454K, committed 27776K, reserved 1114112K
  class space    used 3269K, committed 3456K, reserved 1048576K
}
Event: 1.847 GC heap after
{Heap after GC invocations=7 (full 0):
 garbage-first heap   total 59392K, used 13760K [0x000000008a600000, 0x0000000100000000)
  region size 1024K, 2 young (2048K), 2 survivors (2048K)
 Metaspace       used 27454K, committed 27776K, reserved 1114112K
  class space    used 3269K, committed 3456K, reserved 1048576K
}
Event: 2.439 GC heap before
{Heap before GC invocations=7 (full 0):
 garbage-first heap   total 59392K, used 41408K [0x000000008a600000, 0x0000000100000000)
  region size 1024K, 30 young (30720K), 2 survivors (2048K)
 Metaspace       used 32378K, committed 32704K, reserved 1114112K
  class space    used 4000K, committed 4160K, reserved 1048576K
}
Event: 2.445 GC heap after
{Heap after GC invocations=8 (full 0):
 garbage-first heap   total 59392K, used 16443K [0x000000008a600000, 0x0000000100000000)
  region size 1024K, 4 young (4096K), 4 survivors (4096K)
 Metaspace       used 32378K, committed 32704K, reserved 1114112K
  class space    used 4000K, committed 4160K, reserved 1048576K
}
Event: 2.766 GC heap before
{Heap before GC invocations=8 (full 0):
 garbage-first heap   total 59392K, used 28731K [0x000000008a600000, 0x0000000100000000)
  region size 1024K, 18 young (18432K), 4 survivors (4096K)
 Metaspace       used 35722K, committed 36160K, reserved 1114112K
  class space    used 4393K, committed 4608K, reserved 1048576K
}
Event: 2.773 GC heap after
{Heap after GC invocations=9 (full 0):
 garbage-first heap   total 59392K, used 17777K [0x000000008a600000, 0x0000000100000000)
  region size 1024K, 2 young (2048K), 2 survivors (2048K)
 Metaspace       used 35722K, committed 36160K, reserved 1114112K
  class space    used 4393K, committed 4608K, reserved 1048576K
}
Event: 3.279 GC heap before
{Heap before GC invocations=10 (full 0):
 garbage-first heap   total 59392K, used 43377K [0x000000008a600000, 0x0000000100000000)
  region size 1024K, 27 young (27648K), 2 survivors (2048K)
 Metaspace       used 41720K, committed 42176K, reserved 1114112K
  class space    used 5236K, committed 5440K, reserved 1048576K
}
Event: 3.281 GC heap after
{Heap after GC invocations=11 (full 0):
 garbage-first heap   total 59392K, used 19447K [0x000000008a600000, 0x0000000100000000)
  region size 1024K, 3 young (3072K), 3 survivors (3072K)
 Metaspace       used 41720K, committed 42176K, reserved 1114112K
  class space    used 5236K, committed 5440K, reserved 1048576K
}
Event: 3.299 GC heap before
{Heap before GC invocations=11 (full 0):
 garbage-first heap   total 59392K, used 20471K [0x000000008a600000, 0x0000000100000000)
  region size 1024K, 4 young (4096K), 3 survivors (3072K)
 Metaspace       used 42086K, committed 42560K, reserved 1114112K
  class space    used 5281K, committed 5504K, reserved 1048576K
}
Event: 3.301 GC heap after
{Heap after GC invocations=12 (full 0):
 garbage-first heap   total 59392K, used 19152K [0x000000008a600000, 0x0000000100000000)
  region size 1024K, 1 young (1024K), 1 survivors (1024K)
 Metaspace       used 42086K, committed 42560K, reserved 1114112K
  class space    used 5281K, committed 5504K, reserved 1048576K
}
Event: 3.952 GC heap before
{Heap before GC invocations=12 (full 0):
 garbage-first heap   total 59392K, used 42704K [0x000000008a600000, 0x0000000100000000)
  region size 1024K, 25 young (25600K), 1 survivors (1024K)
 Metaspace       used 48494K, committed 49024K, reserved 1114112K
  class space    used 6193K, committed 6464K, reserved 1048576K
}
Event: 3.955 GC heap after
{Heap after GC invocations=13 (full 0):
 garbage-first heap   total 59392K, used 21092K [0x000000008a600000, 0x0000000100000000)
  region size 1024K, 3 young (3072K), 3 survivors (3072K)
 Metaspace       used 48494K, committed 49024K, reserved 1114112K
  class space    used 6193K, committed 6464K, reserved 1048576K
}

